<?xml version="1.0" encoding="utf-8"?>
<test-run id="2" testcasecount="107" result="Failed(Child)" total="107" passed="103" failed="4" inconclusive="0" skipped="0" asserts="0" engine-version="3.5.0.0" clr-version="4.0.30319.42000" start-time="2026-06-12 13:56:17Z" end-time="2026-06-12 14:00:52Z" duration="274,9562369">
  <test-suite type="TestSuite" id="1139" name="diplomaGame" fullname="diplomaGame" runstate="Runnable" testcasecount="107" result="Failed" site="Child" start-time="2026-06-12 13:56:17Z" end-time="2026-06-12 14:00:52Z" duration="274.956237" total="107" passed="103" failed="4" inconclusive="0" skipped="0" asserts="0">
    <properties>
      <property name="platform" value="PlayMode" />
    </properties>
    <failure>
      <message><![CDATA[One or more child tests had errors]]></message>
    </failure>
    <test-suite type="Assembly" id="1132" name="DiplomaGame.Tests.Runtime.dll" fullname="D:/Projects/diplomaGame/Library/ScriptAssemblies/DiplomaGame.Tests.Runtime.dll" runstate="Runnable" testcasecount="107" result="Failed" site="Child" start-time="2026-06-12 13:56:17Z" end-time="2026-06-12 14:00:52Z" duration="274.946380" total="107" passed="103" failed="4" inconclusive="0" skipped="0" asserts="0">
      <properties>
        <property name="_PID" value="1680" />
        <property name="_APPDOMAIN" value="Unity Child Domain" />
        <property name="platform" value="PlayMode" />
        <property name="EditorOnly" value="False" />
      </properties>
      <failure>
        <message><![CDATA[One or more child tests had errors]]></message>
      </failure>
      <test-suite type="TestSuite" id="1133" name="DiplomaGame" fullname="DiplomaGame" runstate="Runnable" testcasecount="107" result="Failed" site="Child" start-time="2026-06-12 13:56:18Z" end-time="2026-06-12 14:00:52Z" duration="274.945860" total="107" passed="103" failed="4" inconclusive="0" skipped="0" asserts="0">
        <properties />
        <failure>
          <message><![CDATA[One or more child tests had errors]]></message>
        </failure>
        <test-suite type="TestSuite" id="1134" name="Tests" fullname="DiplomaGame.Tests" runstate="Runnable" testcasecount="107" result="Failed" site="Child" start-time="2026-06-12 13:56:18Z" end-time="2026-06-12 14:00:52Z" duration="274.945597" total="107" passed="103" failed="4" inconclusive="0" skipped="0" asserts="0">
          <properties />
          <failure>
            <message><![CDATA[One or more child tests had errors]]></message>
          </failure>
          <test-suite type="TestSuite" id="1135" name="Runtime" fullname="DiplomaGame.Tests.Runtime" runstate="Runnable" testcasecount="107" result="Failed" site="Child" start-time="2026-06-12 13:56:18Z" end-time="2026-06-12 14:00:52Z" duration="274.945139" total="107" passed="103" failed="4" inconclusive="0" skipped="0" asserts="0">
            <properties />
            <failure>
              <message><![CDATA[One or more child tests had errors]]></message>
            </failure>
            <test-suite type="TestFixture" id="1001" name="AbilityTests" fullname="DiplomaGame.Tests.Runtime.AbilityTests" classname="DiplomaGame.Tests.Runtime.AbilityTests" runstate="Runnable" testcasecount="4" result="Passed" start-time="2026-06-12 13:56:18Z" end-time="2026-06-12 13:56:18Z" duration="0.082645" total="4" passed="4" failed="0" inconclusive="0" skipped="0" asserts="0">
              <properties />
              <test-case id="1004" name="Overcharge_CastActivatesShooterBuff" fullname="DiplomaGame.Tests.Runtime.AbilityTests.Overcharge_CastActivatesShooterBuff" methodname="Overcharge_CastActivatesShooterBuff" classname="DiplomaGame.Tests.Runtime.AbilityTests" runstate="Runnable" seed="1046419807" result="Passed" start-time="2026-06-12 13:56:18Z" end-time="2026-06-12 13:56:18Z" duration="0.045008" asserts="0">
                <properties>
                  <property name="retryIteration" value="0" />
                  <property name="repeatIteration" value="0" />
                </properties>
              </test-case>
              <test-case id="1005" name="Overcharge_ExpiresAfterDuration" fullname="DiplomaGame.Tests.Runtime.AbilityTests.Overcharge_ExpiresAfterDuration" methodname="Overcharge_ExpiresAfterDuration" classname="DiplomaGame.Tests.Runtime.AbilityTests" runstate="Runnable" seed="1313074792" result="Passed" start-time="2026-06-12 13:56:18Z" end-time="2026-06-12 13:56:18Z" duration="0.004913" asserts="0">
                <properties>
                  <property name="retryIteration" value="0" />
                  <property name="repeatIteration" value="0" />
                </properties>
              </test-case>
              <test-case id="1003" name="RepairField_HealsAlliesInRadius_NotEnemiesAndNotAboveMax" fullname="DiplomaGame.Tests.Runtime.AbilityTests.RepairField_HealsAlliesInRadius_NotEnemiesAndNotAboveMax" methodname="RepairField_HealsAlliesInRadius_NotEnemiesAndNotAboveMax" classname="DiplomaGame.Tests.Runtime.AbilityTests" runstate="Runnable" seed="1597567120" result="Passed" start-time="2026-06-12 13:56:18Z" end-time="2026-06-12 13:56:18Z" duration="0.012422" asserts="0">
                <properties>
                  <property name="retryIteration" value="0" />
                  <property name="repeatIteration" value="0" />
                </properties>
              </test-case>
              <test-case id="1002" name="Shockwave_DamagesEnemiesInRadius_IgnoresOutsideAndAllies" fullname="DiplomaGame.Tests.Runtime.AbilityTests.Shockwave_DamagesEnemiesInRadius_IgnoresOutsideAndAllies" methodname="Shockwave_DamagesEnemiesInRadius_IgnoresOutsideAndAllies" classname="DiplomaGame.Tests.Runtime.AbilityTests" runstate="Runnable" seed="1839544701" result="Passed" start-time="2026-06-12 13:56:18Z" end-time="2026-06-12 13:56:18Z" duration="0.005610" asserts="0">
                <properties>
                  <property name="retryIteration" value="0" />
                  <property name="repeatIteration" value="0" />
                </properties>
              </test-case>
            </test-suite>
            <test-suite type="TestFixture" id="1006" name="AudioTests" fullname="DiplomaGame.Tests.Runtime.AudioTests" classname="DiplomaGame.Tests.Runtime.AudioTests" runstate="Runnable" testcasecount="13" result="Passed" start-time="2026-06-12 13:56:18Z" end-time="2026-06-12 13:56:19Z" duration="1.627603" total="13" passed="13" failed="0" inconclusive="0" skipped="0" asserts="0">
              <properties />
              <test-case id="1019" name="SetCategoryVolume_Master_NoMixer_DoesNotThrow" fullname="DiplomaGame.Tests.Runtime.AudioTests.SetCategoryVolume_Master_NoMixer_DoesNotThrow" methodname="SetCategoryVolume_Master_NoMixer_DoesNotThrow" classname="DiplomaGame.Tests.Runtime.AudioTests" runstate="Runnable" seed="639052344" result="Passed" start-time="2026-06-12 13:56:18Z" end-time="2026-06-12 13:56:18Z" duration="0.005333" asserts="0">
                <properties>
                  <property name="retryIteration" value="0" />
                  <property name="repeatIteration" value="0" />
                </properties>
              </test-case>
              <test-case id="1015" name="SetCategoryVolume_Music_NoMixer_DoesNotThrow" fullname="DiplomaGame.Tests.Runtime.AudioTests.SetCategoryVolume_Music_NoMixer_DoesNotThrow" methodname="SetCategoryVolume_Music_NoMixer_DoesNotThrow" classname="DiplomaGame.Tests.Runtime.AudioTests" runstate="Runnable" seed="1896326186" result="Passed" start-time="2026-06-12 13:56:18Z" end-time="2026-06-12 13:56:18Z" duration="0.000782" asserts="0">
                <properties>
                  <property name="retryIteration" value="0" />
                  <property name="repeatIteration" value="0" />
                </properties>
              </test-case>
              <test-case id="1016" name="SetCategoryVolume_Sfx_NoMixer_DoesNotThrow" fullname="DiplomaGame.Tests.Runtime.AudioTests.SetCategoryVolume_Sfx_NoMixer_DoesNotThrow" methodname="SetCategoryVolume_Sfx_NoMixer_DoesNotThrow" classname="DiplomaGame.Tests.Runtime.AudioTests" runstate="Runnable" seed="578575105" result="Passed" start-time="2026-06-12 13:56:18Z" end-time="2026-06-12 13:56:18Z" duration="0.000545" asserts="0">
                <properties>
                  <property name="retryIteration" value="0" />
                  <property name="repeatIteration" value="0" />
                </properties>
              </test-case>
              <test-case id="1017" name="SetCategoryVolume_Ui_NoMixer_DoesNotThrow" fullname="DiplomaGame.Tests.Runtime.AudioTests.SetCategoryVolume_Ui_NoMixer_DoesNotThrow" methodname="SetCategoryVolume_Ui_NoMixer_DoesNotThrow" classname="DiplomaGame.Tests.Runtime.AudioTests" runstate="Runnable" seed="1580501009" result="Passed" start-time="2026-06-12 13:56:18Z" end-time="2026-06-12 13:56:18Z" duration="0.000574" asserts="0">
                <properties>
                  <property name="retryIteration" value="0" />
                  <property name="repeatIteration" value="0" />
                </properties>
              </test-case>
              <test-case id="1018" name="SetCategoryVolume_Voice_NoMixer_DoesNotThrow" fullname="DiplomaGame.Tests.Runtime.AudioTests.SetCategoryVolume_Voice_NoMixer_DoesNotThrow" methodname="SetCategoryVolume_Voice_NoMixer_DoesNotThrow" classname="DiplomaGame.Tests.Runtime.AudioTests" runstate="Runnable" seed="267725793" result="Passed" start-time="2026-06-12 13:56:18Z" end-time="2026-06-12 13:56:18Z" duration="0.000624" asserts="0">
                <properties>
                  <property name="retryIteration" value="0" />
                  <property name="repeatIteration" value="0" />
                </properties>
              </test-case>
              <test-case id="1008" name="SetMusicState_Ambient_SetsState" fullname="DiplomaGame.Tests.Runtime.AudioTests.SetMusicState_Ambient_SetsState" methodname="SetMusicState_Ambient_SetsState" classname="DiplomaGame.Tests.Runtime.AudioTests" runstate="Runnable" seed="1050584880" result="Passed" start-time="2026-06-12 13:56:18Z" end-time="2026-06-12 13:56:18Z" duration="0.002846" asserts="0">
                <properties>
                  <property name="retryIteration" value="0" />
                  <property name="repeatIteration" value="0" />
                </properties>
              </test-case>
              <test-case id="1007" name="SetMusicState_Combat_SetsState" fullname="DiplomaGame.Tests.Runtime.AudioTests.SetMusicState_Combat_SetsState" methodname="SetMusicState_Combat_SetsState" classname="DiplomaGame.Tests.Runtime.AudioTests" runstate="Runnable" seed="1596998967" result="Passed" start-time="2026-06-12 13:56:18Z" end-time="2026-06-12 13:56:18Z" duration="0.000580" asserts="0">
                <properties>
                  <property name="retryIteration" value="0" />
                  <property name="repeatIteration" value="0" />
                </properties>
              </test-case>
              <test-case id="1009" name="SetMusicState_Menu_SetsState" fullname="DiplomaGame.Tests.Runtime.AudioTests.SetMusicState_Menu_SetsState" methodname="SetMusicState_Menu_SetsState" classname="DiplomaGame.Tests.Runtime.AudioTests" runstate="Runnable" seed="1548916062" result="Passed" start-time="2026-06-12 13:56:18Z" end-time="2026-06-12 13:56:18Z" duration="0.000538" asserts="0">
                <properties>
                  <property name="retryIteration" value="0" />
                  <property name="repeatIteration" value="0" />
                </properties>
              </test-case>
              <test-case id="1010" name="SetMusicState_SameStateTwice_Idempotent" fullname="DiplomaGame.Tests.Runtime.AudioTests.SetMusicState_SameStateTwice_Idempotent" methodname="SetMusicState_SameStateTwice_Idempotent" classname="DiplomaGame.Tests.Runtime.AudioTests" runstate="Runnable" seed="1460340867" result="Passed" start-time="2026-06-12 13:56:18Z" end-time="2026-06-12 13:56:18Z" duration="0.000560" asserts="0">
                <properties>
                  <property name="retryIteration" value="0" />
                  <property name="repeatIteration" value="0" />
                </properties>
              </test-case>
              <test-case id="1013" name="TryPlayUnitAck_AfterCooldown_ReturnsTrue" fullname="DiplomaGame.Tests.Runtime.AudioTests.TryPlayUnitAck_AfterCooldown_ReturnsTrue" methodname="TryPlayUnitAck_AfterCooldown_ReturnsTrue" classname="DiplomaGame.Tests.Runtime.AudioTests" runstate="Runnable" seed="1438305411" result="Passed" start-time="2026-06-12 13:56:18Z" end-time="2026-06-12 13:56:18Z" duration="0.001231" asserts="0">
                <properties>
                  <property name="retryIteration" value="0" />
                  <property name="repeatIteration" value="0" />
                </properties>
              </test-case>
              <test-case id="1011" name="TryPlayUnitAck_FirstCall_ReturnsTrue" fullname="DiplomaGame.Tests.Runtime.AudioTests.TryPlayUnitAck_FirstCall_ReturnsTrue" methodname="TryPlayUnitAck_FirstCall_ReturnsTrue" classname="DiplomaGame.Tests.Runtime.AudioTests" runstate="Runnable" seed="551166274" result="Passed" start-time="2026-06-12 13:56:18Z" end-time="2026-06-12 13:56:18Z" duration="0.000562" asserts="0">
                <properties>
                  <property name="retryIteration" value="0" />
                  <property name="repeatIteration" value="0" />
                </properties>
              </test-case>
              <test-case id="1012" name="TryPlayUnitAck_SecondCallImmediately_ReturnsFalse" fullname="DiplomaGame.Tests.Runtime.AudioTests.TryPlayUnitAck_SecondCallImmediately_ReturnsFalse" methodname="TryPlayUnitAck_SecondCallImmediately_ReturnsFalse" classname="DiplomaGame.Tests.Runtime.AudioTests" runstate="Runnable" seed="716140486" result="Passed" start-time="2026-06-12 13:56:18Z" end-time="2026-06-12 13:56:18Z" duration="0.000531" asserts="0">
                <properties>
                  <property name="retryIteration" value="0" />
                  <property name="repeatIteration" value="0" />
                </properties>
              </test-case>
              <test-case id="1014" name="TryPlayUnitAck_WaitForCooldown_ReturnsTrue" fullname="DiplomaGame.Tests.Runtime.AudioTests.TryPlayUnitAck_WaitForCooldown_ReturnsTrue" methodname="TryPlayUnitAck_WaitForCooldown_ReturnsTrue" classname="DiplomaGame.Tests.Runtime.AudioTests" runstate="Runnable" seed="917006189" result="Passed" start-time="2026-06-12 13:56:18Z" end-time="2026-06-12 13:56:19Z" duration="1.609360" asserts="0">
                <properties>
                  <property name="_JOINTYPE" value="UnityCombinatorial" />
                  <property name="retryIteration" value="0" />
                  <property name="repeatIteration" value="0" />
                </properties>
                <output><![CDATA[There are no audio listeners in the scene. Please ensure there is always one audio listener in the scene
There are no audio listeners in the scene. Please ensure there is always one audio listener in the scene
There are no audio listeners in the scene. Please ensure there is always one audio listener in the scene
There are no audio listeners in the scene. Please ensure there is always one audio listener in the scene
There are no audio listeners in the scene. Please ensure there is always one audio listener in the scene
There are no audio listeners in the scene. Please ensure there is always one audio listener in the scene
There are no audio listeners in the scene. Please ensure there is always one audio listener in the scene
There are no audio listeners in the scene. Please ensure there is always one audio listener in the scene
There are no audio listeners in the scene. Please ensure there is always one audio listener in the scene
There are no audio listeners in the scene. Please ensure there is always one audio listener in the scene
There are no audio listeners in the scene. Please ensure there is always one audio listener in the scene
There are no audio listeners in the scene. Please ensure there is always one audio listener in the scene
There are no audio listeners in the scene. Please ensure there is always one audio listener in the scene
There are no audio listeners in the scene. Please ensure there is always one audio listener in the scene
There are no audio listeners in the scene. Please ensure there is always one audio listener in the scene
There are no audio listeners in the scene. Please ensure there is always one audio listener in the scene
There are no audio listeners in the scene. Please ensure there is always one audio listener in the scene
There are no audio listeners in the scene. Please ensure there is always one audio listener in the scene
There are no audio listeners in the scene. Please ensure there is always one audio listener in the scene
There are no audio listeners in the scene. Please ensure there is always one audio listener in the scene
There are no audio listeners in the scene. Please ensure there is always one audio listener in the scene
There are no audio listeners in the scene. Please ensure there is always one audio listener in the scene
There are no audio listeners in the scene. Please ensure there is always one audio listener in the scene
There are no audio listeners in the scene. Please ensure there is always one audio listener in the scene
There are no audio listeners in the scene. Please ensure there is always one audio listener in the scene
There are no audio listeners in the scene. Please ensure there is always one audio listener in the scene
There are no audio listeners in the scene. Please ensure there is always one audio listener in the scene
There are no audio listeners in the scene. Please ensure there is always one audio listener in the scene
There are no audio listeners in the scene. Please ensure there is always one audio listener in the scene
There are no audio listeners in the scene. Please ensure there is always one audio listener in the scene
There are no audio listeners in the scene. Please ensure there is always one audio listener in the scene
There are no audio listeners in the scene. Please ensure there is always one audio listener in the scene
There are no audio listeners in the scene. Please ensure there is always one audio listener in the scene
There are no audio listeners in the scene. Please ensure there is always one audio listener in the scene
There are no audio listeners in the scene. Please ensure there is always one audio listener in the scene
There are no audio listeners in the scene. Please ensure there is always one audio listener in the scene
There are no audio listeners in the scene. Please ensure there is always one audio listener in the scene
There are no audio listeners in the scene. Please ensure there is always one audio listener in the scene
There are no audio listeners in the scene. Please ensure there is always one audio listener in the scene
There are no audio listeners in the scene. Please ensure there is always one audio listener in the scene
There are no audio listeners in the scene. Please ensure there is always one audio listener in the scene
There are no audio listeners in the scene. Please ensure there is always one audio listener in the scene
There are no audio listeners in the scene. Please ensure there is always one audio listener in the scene
There are no audio listeners in the scene. Please ensure there is always one audio listener in the scene
There are no audio listeners in the scene. Please ensure there is always one audio listener in the scene
There are no audio listeners in the scene. Please ensure there is always one audio listener in the scene
There are no audio listeners in the scene. Please ensure there is always one audio listener in the scene
There are no audio listeners in the scene. Please ensure there is always one audio listener in the scene
There are no audio listeners in the scene. Please ensure there is always one audio listener in the scene
There are no audio listeners in the scene. Please ensure there is always one audio listener in the scene
There are no audio listeners in the scene. Please ensure there is always one audio listener in the scene
There are no audio listeners in the scene. Please ensure there is always one audio listener in the scene
There are no audio listeners in the scene. Please ensure there is always one audio listener in the scene
There are no audio listeners in the scene. Please ensure there is always one audio listener in the scene
There are no audio listeners in the scene. Please ensure there is always one audio listener in the scene
There are no audio listeners in the scene. Please ensure there is always one audio listener in the scene
There are no audio listeners in the scene. Please ensure there is always one audio listener in the scene
There are no audio listeners in the scene. Please ensure there is always one audio listener in the scene
There are no audio listeners in the scene. Please ensure there is always one audio listener in the scene
There are no audio listeners in the scene. Please ensure there is always one audio listener in the scene
There are no audio listeners in the scene. Please ensure there is always one audio listener in the scene
There are no audio listeners in the scene. Please ensure there is always one audio listener in the scene
There are no audio listeners in the scene. Please ensure there is always one audio listener in the scene
There are no audio listeners in the scene. Please ensure there is always one audio listener in the scene
There are no audio listeners in the scene. Please ensure there is always one audio listener in the scene
There are no audio listeners in the scene. Please ensure there is always one audio listener in the scene
There are no audio listeners in the scene. Please ensure there is always one audio listener in the scene
There are no audio listeners in the scene. Please ensure there is always one audio listener in the scene
There are no audio listeners in the scene. Please ensure there is always one audio listener in the scene
There are no audio listeners in the scene. Please ensure there is always one audio listener in the scene
There are no audio listeners in the scene. Please ensure there is always one audio listener in the scene
There are no audio listeners in the scene. Please ensure there is always one audio listener in the scene
There are no audio listeners in the scene. Please ensure there is always one audio listener in the scene
There are no audio listeners in the scene. Please ensure there is always one audio listener in the scene
There are no audio listeners in the scene. Please ensure there is always one audio listener in the scene
There are no audio listeners in the scene. Please ensure there is always one audio listener in the scene
There are no audio listeners in the scene. Please ensure there is always one audio listener in the scene
There are no audio listeners in the scene. Please ensure there is always one audio listener in the scene
There are no audio listeners in the scene. Please ensure there is always one audio listener in the scene
There are no audio listeners in the scene. Please ensure there is always one audio listener in the scene
There are no audio listeners in the scene. Please ensure there is always one audio listener in the scene
There are no audio listeners in the scene. Please ensure there is always one audio listener in the scene
There are no audio listeners in the scene. Please ensure there is always one audio listener in the scene
There are no audio listeners in the scene. Please ensure there is always one audio listener in the scene
There are no audio listeners in the scene. Please ensure there is always one audio listener in the scene
There are no audio listeners in the scene. Please ensure there is always one audio listener in the scene
There are no audio listeners in the scene. Please ensure there is always one audio listener in the scene
There are no audio listeners in the scene. Please ensure there is always one audio listener in the scene
There are no audio listeners in the scene. Please ensure there is always one audio listener in the scene
There are no audio listeners in the scene. Please ensure there is always one audio listener in the scene
There are no audio listeners in the scene. Please ensure there is always one audio listener in the scene
There are no audio listeners in the scene. Please ensure there is always one audio listener in the scene
There are no audio listeners in the scene. Please ensure there is always one audio listener in the scene
There are no audio listeners in the scene. Please ensure there is always one audio listener in the scene
There are no audio listeners in the scene. Please ensure there is always one audio listener in the scene
There are no audio listeners in the scene. Please ensure there is always one audio listener in the scene
There are no audio listeners in the scene. Please ensure there is always one audio listener in the scene
There are no audio listeners in the scene. Please ensure there is always one audio listener in the scene
There are no audio listeners in the scene. Please ensure there is always one audio listener in the scene
There are no audio listeners in the scene. Please ensure there is always one audio listener in the scene
There are no audio listeners in the scene. Please ensure there is always one audio listener in the scene
There are no audio listeners in the scene. Please ensure there is always one audio listener in the scene
There are no audio listeners in the scene. Please ensure there is always one audio listener in the scene
There are no audio listeners in the scene. Please ensure there is always one audio listener in the scene
There are no audio listeners in the scene. Please ensure there is always one audio listener in the scene
There are no audio listeners in the scene. Please ensure there is always one audio listener in the scene
There are no audio listeners in the scene. Please ensure there is always one audio listener in the scene
There are no audio listeners in the scene. Please ensure there is always one audio listener in the scene
There are no audio listeners in the scene. Please ensure there is always one audio listener in the scene
There are no audio listeners in the scene. Please ensure there is always one audio listener in the scene
There are no audio listeners in the scene. Please ensure there is always one audio listener in the scene
There are no audio listeners in the scene. Please ensure there is always one audio listener in the scene
There are no audio listeners in the scene. Please ensure there is always one audio listener in the scene
There are no audio listeners in the scene. Please ensure there is always one audio listener in the scene
There are no audio listeners in the scene. Please ensure there is always one audio listener in the scene
There are no audio listeners in the scene. Please ensure there is always one audio listener in the scene
There are no audio listeners in the scene. Please ensure there is always one audio listener in the scene
There are no audio listeners in the scene. Please ensure there is always one audio listener in the scene
There are no audio listeners in the scene. Please ensure there is always one audio listener in the scene
There are no audio listeners in the scene. Please ensure there is always one audio listener in the scene
There are no audio listeners in the scene. Please ensure there is always one audio listener in the scene
There are no audio listeners in the scene. Please ensure there is always one audio listener in the scene
There are no audio listeners in the scene. Please ensure there is always one audio listener in the scene
There are no audio listeners in the scene. Please ensure there is always one audio listener in the scene
There are no audio listeners in the scene. Please ensure there is always one audio listener in the scene
There are no audio listeners in the scene. Please ensure there is always one audio listener in the scene
There are no audio listeners in the scene. Please ensure there is always one audio listener in the scene
There are no audio listeners in the scene. Please ensure there is always one audio listener in the scene
There are no audio listeners in the scene. Please ensure there is always one audio listener in the scene
There are no audio listeners in the scene. Please ensure there is always one audio listener in the scene
There are no audio listeners in the scene. Please ensure there is always one audio listener in the scene
There are no audio listeners in the scene. Please ensure there is always one audio listener in the scene
There are no audio listeners in the scene. Please ensure there is always one audio listener in the scene
There are no audio listeners in the scene. Please ensure there is always one audio listener in the scene
There are no audio listeners in the scene. Please ensure there is always one audio listener in the scene
There are no audio listeners in the scene. Please ensure there is always one audio listener in the scene
There are no audio listeners in the scene. Please ensure there is always one audio listener in the scene
There are no audio listeners in the scene. Please ensure there is always one audio listener in the scene
There are no audio listeners in the scene. Please ensure there is always one audio listener in the scene
There are no audio listeners in the scene. Please ensure there is always one audio listener in the scene
There are no audio listeners in the scene. Please ensure there is always one audio listener in the scene
There are no audio listeners in the scene. Please ensure there is always one audio listener in the scene
There are no audio listeners in the scene. Please ensure there is always one audio listener in the scene
There are no audio listeners in the scene. Please ensure there is always one audio listener in the scene
There are no audio listeners in the scene. Please ensure there is always one audio listener in the scene
There are no audio listeners in the scene. Please ensure there is always one audio listener in the scene
There are no audio listeners in the scene. Please ensure there is always one audio listener in the scene
There are no audio listeners in the scene. Please ensure there is always one audio listener in the scene
There are no audio listeners in the scene. Please ensure there is always one audio listener in the scene
There are no audio listeners in the scene. Please ensure there is always one audio listener in the scene
There are no audio listeners in the scene. Please ensure there is always one audio listener in the scene
There are no audio listeners in the scene. Please ensure there is always one audio listener in the scene
There are no audio listeners in the scene. Please ensure there is always one audio listener in the scene
There are no audio listeners in the scene. Please ensure there is always one audio listener in the scene
There are no audio listeners in the scene. Please ensure there is always one audio listener in the scene
There are no audio listeners in the scene. Please ensure there is always one audio listener in the scene
There are no audio listeners in the scene. Please ensure there is always one audio listener in the scene
There are no audio listeners in the scene. Please ensure there is always one audio listener in the scene
There are no audio listeners in the scene. Please ensure there is always one audio listener in the scene
There are no audio listeners in the scene. Please ensure there is always one audio listener in the scene
There are no audio listeners in the scene. Please ensure there is always one audio listener in the scene
There are no audio listeners in the scene. Please ensure there is always one audio listener in the scene
There are no audio listeners in the scene. Please ensure there is always one audio listener in the scene
There are no audio listeners in the scene. Please ensure there is always one audio listener in the scene
There are no audio listeners in the scene. Please ensure there is always one audio listener in the scene
There are no audio listeners in the scene. Please ensure there is always one audio listener in the scene
There are no audio listeners in the scene. Please ensure there is always one audio listener in the scene
There are no audio listeners in the scene. Please ensure there is always one audio listener in the scene
There are no audio listeners in the scene. Please ensure there is always one audio listener in the scene
There are no audio listeners in the scene. Please ensure there is always one audio listener in the scene
There are no audio listeners in the scene. Please ensure there is always one audio listener in the scene
There are no audio listeners in the scene. Please ensure there is always one audio listener in the scene
There are no audio listeners in the scene. Please ensure there is always one audio listener in the scene
There are no audio listeners in the scene. Please ensure there is always one audio listener in the scene
There are no audio listeners in the scene. Please ensure there is always one audio listener in the scene
There are no audio listeners in the scene. Please ensure there is always one audio listener in the scene
There are no audio listeners in the scene. Please ensure there is always one audio listener in the scene
There are no audio listeners in the scene. Please ensure there is always one audio listener in the scene
There are no audio listeners in the scene. Please ensure there is always one audio listener in the scene
There are no audio listeners in the scene. Please ensure there is always one audio listener in the scene
There are no audio listeners in the scene. Please ensure there is always one audio listener in the scene
There are no audio listeners in the scene. Please ensure there is always one audio listener in the scene
There are no audio listeners in the scene. Please ensure there is always one audio listener in the scene
There are no audio listeners in the scene. Please ensure there is always one audio listener in the scene
There are no audio listeners in the scene. Please ensure there is always one audio listener in the scene
There are no audio listeners in the scene. Please ensure there is always one audio listener in the scene
There are no audio listeners in the scene. Please ensure there is always one audio listener in the scene
There are no audio listeners in the scene. Please ensure there is always one audio listener in the scene
There are no audio listeners in the scene. Please ensure there is always one audio listener in the scene
There are no audio listeners in the scene. Please ensure there is always one audio listener in the scene
There are no audio listeners in the scene. Please ensure there is always one audio listener in the scene
There are no audio listeners in the scene. Please ensure there is always one audio listener in the scene
There are no audio listeners in the scene. Please ensure there is always one audio listener in the scene
There are no audio listeners in the scene. Please ensure there is always one audio listener in the scene
There are no audio listeners in the scene. Please ensure there is always one audio listener in the scene
There are no audio listeners in the scene. Please ensure there is always one audio listener in the scene
There are no audio listeners in the scene. Please ensure there is always one audio listener in the scene
There are no audio listeners in the scene. Please ensure there is always one audio listener in the scene
There are no audio listeners in the scene. Please ensure there is always one audio listener in the scene
There are no audio listeners in the scene. Please ensure there is always one audio listener in the scene
There are no audio listeners in the scene. Please ensure there is always one audio listener in the scene
There are no audio listeners in the scene. Please ensure there is always one audio listener in the scene
There are no audio listeners in the scene. Please ensure there is always one audio listener in the scene
There are no audio listeners in the scene. Please ensure there is always one audio listener in the scene
There are no audio listeners in the scene. Please ensure there is always one audio listener in the scene
There are no audio listeners in the scene. Please ensure there is always one audio listener in the scene
There are no audio listeners in the scene. Please ensure there is always one audio listener in the scene
There are no audio listeners in the scene. Please ensure there is always one audio listener in the scene
There are no audio listeners in the scene. Please ensure there is always one audio listener in the scene
There are no audio listeners in the scene. Please ensure there is always one audio listener in the scene
There are no audio listeners in the scene. Please ensure there is always one audio listener in the scene
There are no audio listeners in the scene. Please ensure there is always one audio listener in the scene
There are no audio listeners in the scene. Please ensure there is always one audio listener in the scene
There are no audio listeners in the scene. Please ensure there is always one audio listener in the scene
There are no audio listeners in the scene. Please ensure there is always one audio listener in the scene
There are no audio listeners in the scene. Please ensure there is always one audio listener in the scene
There are no audio listeners in the scene. Please ensure there is always one audio listener in the scene
There are no audio listeners in the scene. Please ensure there is always one audio listener in the scene
There are no audio listeners in the scene. Please ensure there is always one audio listener in the scene
There are no audio listeners in the scene. Please ensure there is always one audio listener in the scene
There are no audio listeners in the scene. Please ensure there is always one audio listener in the scene
There are no audio listeners in the scene. Please ensure there is always one audio listener in the scene
There are no audio listeners in the scene. Please ensure there is always one audio listener in the scene
There are no audio listeners in the scene. Please ensure there is always one audio listener in the scene
There are no audio listeners in the scene. Please ensure there is always one audio listener in the scene
There are no audio listeners in the scene. Please ensure there is always one audio listener in the scene
There are no audio listeners in the scene. Please ensure there is always one audio listener in the scene
There are no audio listeners in the scene. Please ensure there is always one audio listener in the scene
There are no audio listeners in the scene. Please ensure there is always one audio listener in the scene
There are no audio listeners in the scene. Please ensure there is always one audio listener in the scene
There are no audio listeners in the scene. Please ensure there is always one audio listener in the scene
There are no audio listeners in the scene. Please ensure there is always one audio listener in the scene
There are no audio listeners in the scene. Please ensure there is always one audio listener in the scene
There are no audio listeners in the scene. Please ensure there is always one audio listener in the scene
There are no audio listeners in the scene. Please ensure there is always one audio listener in the scene
There are no audio listeners in the scene. Please ensure there is always one audio listener in the scene
There are no audio listeners in the scene. Please ensure there is always one audio listener in the scene
There are no audio listeners in the scene. Please ensure there is always one audio listener in the scene
There are no audio listeners in the scene. Please ensure there is always one audio listener in the scene
There are no audio listeners in the scene. Please ensure there is always one audio listener in the scene
There are no audio listeners in the scene. Please ensure there is always one audio listener in the scene
There are no audio listeners in the scene. Please ensure there is always one audio listener in the scene
There are no audio listeners in the scene. Please ensure there is always one audio listener in the scene
There are no audio listeners in the scene. Please ensure there is always one audio listener in the scene
There are no audio listeners in the scene. Please ensure there is always one audio listener in the scene
There are no audio listeners in the scene. Please ensure there is always one audio listener in the scene
There are no audio listeners in the scene. Please ensure there is always one audio listener in the scene
There are no audio listeners in the scene. Please ensure there is always one audio listener in the scene
There are no audio listeners in the scene. Please ensure there is always one audio listener in the scene
There are no audio listeners in the scene. Please ensure there is always one audio listener in the scene
There are no audio listeners in the scene. Please ensure there is always one audio listener in the scene
There are no audio listeners in the scene. Please ensure there is always one audio listener in the scene
There are no audio listeners in the scene. Please ensure there is always one audio listener in the scene
There are no audio listeners in the scene. Please ensure there is always one audio listener in the scene
There are no audio listeners in the scene. Please ensure there is always one audio listener in the scene
There are no audio listeners in the scene. Please ensure there is always one audio listener in the scene
There are no audio listeners in the scene. Please ensure there is always one audio listener in the scene
There are no audio listeners in the scene. Please ensure there is always one audio listener in the scene
There are no audio listeners in the scene. Please ensure there is always one audio listener in the scene
There are no audio listeners in the scene. Please ensure there is always one audio listener in the scene
There are no audio listeners in the scene. Please ensure there is always one audio listener in the scene
There are no audio listeners in the scene. Please ensure there is always one audio listener in the scene
There are no audio listeners in the scene. Please ensure there is always one audio listener in the scene
There are no audio listeners in the scene. Please ensure there is always one audio listener in the scene
There are no audio listeners in the scene. Please ensure there is always one audio listener in the scene
There are no audio listeners in the scene. Please ensure there is always one audio listener in the scene
There are no audio listeners in the scene. Please ensure there is always one audio listener in the scene
There are no audio listeners in the scene. Please ensure there is always one audio listener in the scene
There are no audio listeners in the scene. Please ensure there is always one audio listener in the scene
There are no audio listeners in the scene. Please ensure there is always one audio listener in the scene
There are no audio listeners in the scene. Please ensure there is always one audio listener in the scene
There are no audio listeners in the scene. Please ensure there is always one audio listener in the scene
There are no audio listeners in the scene. Please ensure there is always one audio listener in the scene
There are no audio listeners in the scene. Please ensure there is always one audio listener in the scene
There are no audio listeners in the scene. Please ensure there is always one audio listener in the scene
There are no audio listeners in the scene. Please ensure there is always one audio listener in the scene
There are no audio listeners in the scene. Please ensure there is always one audio listener in the scene
There are no audio listeners in the scene. Please ensure there is always one audio listener in the scene
There are no audio listeners in the scene. Please ensure there is always one audio listener in the scene
There are no audio listeners in the scene. Please ensure there is always one audio listener in the scene
There are no audio listeners in the scene. Please ensure there is always one audio listener in the scene
There are no audio listeners in the scene. Please ensure there is always one audio listener in the scene
There are no audio listeners in the scene. Please ensure there is always one audio listener in the scene
There are no audio listeners in the scene. Please ensure there is always one audio listener in the scene
There are no audio listeners in the scene. Please ensure there is always one audio listener in the scene
There are no audio listeners in the scene. Please ensure there is always one audio listener in the scene
There are no audio listeners in the scene. Please ensure there is always one audio listener in the scene
There are no audio listeners in the scene. Please ensure there is always one audio listener in the scene
There are no audio listeners in the scene. Please ensure there is always one audio listener in the scene
There are no audio listeners in the scene. Please ensure there is always one audio listener in the scene
There are no audio listeners in the scene. Please ensure there is always one audio listener in the scene
There are no audio listeners in the scene. Please ensure there is always one audio listener in the scene
There are no audio listeners in the scene. Please ensure there is always one audio listener in the scene
There are no audio listeners in the scene. Please ensure there is always one audio listener in the scene
There are no audio listeners in the scene. Please ensure there is always one audio listener in the scene
There are no audio listeners in the scene. Please ensure there is always one audio listener in the scene
There are no audio listeners in the scene. Please ensure there is always one audio listener in the scene
There are no audio listeners in the scene. Please ensure there is always one audio listener in the scene
There are no audio listeners in the scene. Please ensure there is always one audio listener in the scene
There are no audio listeners in the scene. Please ensure there is always one audio listener in the scene
There are no audio listeners in the scene. Please ensure there is always one audio listener in the scene
There are no audio listeners in the scene. Please ensure there is always one audio listener in the scene
There are no audio listeners in the scene. Please ensure there is always one audio listener in the scene
There are no audio listeners in the scene. Please ensure there is always one audio listener in the scene
There are no audio listeners in the scene. Please ensure there is always one audio listener in the scene
There are no audio listeners in the scene. Please ensure there is always one audio listener in the scene
There are no audio listeners in the scene. Please ensure there is always one audio listener in the scene
There are no audio listeners in the scene. Please ensure there is always one audio listener in the scene
There are no audio listeners in the scene. Please ensure there is always one audio listener in the scene
There are no audio listeners in the scene. Please ensure there is always one audio listener in the scene
There are no audio listeners in the scene. Please ensure there is always one audio listener in the scene
There are no audio listeners in the scene. Please ensure there is always one audio listener in the scene
There are no audio listeners in the scene. Please ensure there is always one audio listener in the scene
There are no audio listeners in the scene. Please ensure there is always one audio listener in the scene
There are no audio listeners in the scene. Please ensure there is always one audio listener in the scene
There are no audio listeners in the scene. Please ensure there is always one audio listener in the scene
There are no audio listeners in the scene. Please ensure there is always one audio listener in the scene
There are no audio listeners in the scene. Please ensure there is always one audio listener in the scene
There are no audio listeners in the scene. Please ensure there is always one audio listener in the scene
There are no audio listeners in the scene. Please ensure there is always one audio listener in the scene
There are no audio listeners in the scene. Please ensure there is always one audio listener in the scene
There are no audio listeners in the scene. Please ensure there is always one audio listener in the scene
There are no audio listeners in the scene. Please ensure there is always one audio listener in the scene
There are no audio listeners in the scene. Please ensure there is always one audio listener in the scene
There are no audio listeners in the scene. Please ensure there is always one audio listener in the scene
There are no audio listeners in the scene. Please ensure there is always one audio listener in the scene
There are no audio listeners in the scene. Please ensure there is always one audio listener in the scene
There are no audio listeners in the scene. Please ensure there is always one audio listener in the scene
There are no audio listeners in the scene. Please ensure there is always one audio listener in the scene
There are no audio listeners in the scene. Please ensure there is always one audio listener in the scene
There are no audio listeners in the scene. Please ensure there is always one audio listener in the scene
There are no audio listeners in the scene. Please ensure there is always one audio listener in the scene
There are no audio listeners in the scene. Please ensure there is always one audio listener in the scene
There are no audio listeners in the scene. Please ensure there is always one audio listener in the scene
There are no audio listeners in the scene. Please ensure there is always one audio listener in the scene
There are no audio listeners in the scene. Please ensure there is always one audio listener in the scene
There are no audio listeners in the scene. Please ensure there is always one audio listener in the scene
There are no audio listeners in the scene. Please ensure there is always one audio listener in the scene
There are no audio listeners in the scene. Please ensure there is always one audio listener in the scene
There are no audio listeners in the scene. Please ensure there is always one audio listener in the scene
There are no audio listeners in the scene. Please ensure there is always one audio listener in the scene
There are no audio listeners in the scene. Please ensure there is always one audio listener in the scene
There are no audio listeners in the scene. Please ensure there is always one audio listener in the scene
There are no audio listeners in the scene. Please ensure there is always one audio listener in the scene
There are no audio listeners in the scene. Please ensure there is always one audio listener in the scene
There are no audio listeners in the scene. Please ensure there is always one audio listener in the scene
There are no audio listeners in the scene. Please ensure there is always one audio listener in the scene
There are no audio listeners in the scene. Please ensure there is always one audio listener in the scene
There are no audio listeners in the scene. Please ensure there is always one audio listener in the scene
There are no audio listeners in the scene. Please ensure there is always one audio listener in the scene
There are no audio listeners in the scene. Please ensure there is always one audio listener in the scene
There are no audio listeners in the scene. Please ensure there is always one audio listener in the scene
There are no audio listeners in the scene. Please ensure there is always one audio listener in the scene
There are no audio listeners in the scene. Please ensure there is always one audio listener in the scene
There are no audio listeners in the scene. Please ensure there is always one audio listener in the scene
There are no audio listeners in the scene. Please ensure there is always one audio listener in the scene
There are no audio listeners in the scene. Please ensure there is always one audio listener in the scene
There are no audio listeners in the scene. Please ensure there is always one audio listener in the scene
There are no audio listeners in the scene. Please ensure there is always one audio listener in the scene
There are no audio listeners in the scene. Please ensure there is always one audio listener in the scene
There are no audio listeners in the scene. Please ensure there is always one audio listener in the scene
There are no audio listeners in the scene. Please ensure there is always one audio listener in the scene
There are no audio listeners in the scene. Please ensure there is always one audio listener in the scene
There are no audio listeners in the scene. Please ensure there is always one audio listener in the scene
There are no audio listeners in the scene. Please ensure there is always one audio listener in the scene
There are no audio listeners in the scene. Please ensure there is always one audio listener in the scene
There are no audio listeners in the scene. Please ensure there is always one audio listener in the scene
There are no audio listeners in the scene. Please ensure there is always one audio listener in the scene
There are no audio listeners in the scene. Please ensure there is always one audio listener in the scene
There are no audio listeners in the scene. Please ensure there is always one audio listener in the scene
There are no audio listeners in the scene. Please ensure there is always one audio listener in the scene
There are no audio listeners in the scene. Please ensure there is always one audio listener in the scene
There are no audio listeners in the scene. Please ensure there is always one audio listener in the scene
There are no audio listeners in the scene. Please ensure there is always one audio listener in the scene
There are no audio listeners in the scene. Please ensure there is always one audio listener in the scene
There are no audio listeners in the scene. Please ensure there is always one audio listener in the scene
There are no audio listeners in the scene. Please ensure there is always one audio listener in the scene
There are no audio listeners in the scene. Please ensure there is always one audio listener in the scene
There are no audio listeners in the scene. Please ensure there is always one audio listener in the scene
There are no audio listeners in the scene. Please ensure there is always one audio listener in the scene
There are no audio listeners in the scene. Please ensure there is always one audio listener in the scene
There are no audio listeners in the scene. Please ensure there is always one audio listener in the scene
There are no audio listeners in the scene. Please ensure there is always one audio listener in the scene
There are no audio listeners in the scene. Please ensure there is always one audio listener in the scene
There are no audio listeners in the scene. Please ensure there is always one audio listener in the scene
There are no audio listeners in the scene. Please ensure there is always one audio listener in the scene
There are no audio listeners in the scene. Please ensure there is always one audio listener in the scene
There are no audio listeners in the scene. Please ensure there is always one audio listener in the scene
There are no audio listeners in the scene. Please ensure there is always one audio listener in the scene
There are no audio listeners in the scene. Please ensure there is always one audio listener in the scene
There are no audio listeners in the scene. Please ensure there is always one audio listener in the scene
There are no audio listeners in the scene. Please ensure there is always one audio listener in the scene
There are no audio listeners in the scene. Please ensure there is always one audio listener in the scene
There are no audio listeners in the scene. Please ensure there is always one audio listener in the scene
There are no audio listeners in the scene. Please ensure there is always one audio listener in the scene
There are no audio listeners in the scene. Please ensure there is always one audio listener in the scene
There are no audio listeners in the scene. Please ensure there is always one audio listener in the scene
There are no audio listeners in the scene. Please ensure there is always one audio listener in the scene
There are no audio listeners in the scene. Please ensure there is always one audio listener in the scene
There are no audio listeners in the scene. Please ensure there is always one audio listener in the scene
There are no audio listeners in the scene. Please ensure there is always one audio listener in the scene
There are no audio listeners in the scene. Please ensure there is always one audio listener in the scene
There are no audio listeners in the scene. Please ensure there is always one audio listener in the scene
There are no audio listeners in the scene. Please ensure there is always one audio listener in the scene
There are no audio listeners in the scene. Please ensure there is always one audio listener in the scene
There are no audio listeners in the scene. Please ensure there is always one audio listener in the scene
There are no audio listeners in the scene. Please ensure there is always one audio listener in the scene
There are no audio listeners in the scene. Please ensure there is always one audio listener in the scene
There are no audio listeners in the scene. Please ensure there is always one audio listener in the scene
There are no audio listeners in the scene. Please ensure there is always one audio listener in the scene
There are no audio listeners in the scene. Please ensure there is always one audio listener in the scene
There are no audio listeners in the scene. Please ensure there is always one audio listener in the scene
There are no audio listeners in the scene. Please ensure there is always one audio listener in the scene
There are no audio listeners in the scene. Please ensure there is always one audio listener in the scene
There are no audio listeners in the scene. Please ensure there is always one audio listener in the scene
There are no audio listeners in the scene. Please ensure there is always one audio listener in the scene
There are no audio listeners in the scene. Please ensure there is always one audio listener in the scene
There are no audio listeners in the scene. Please ensure there is always one audio listener in the scene
There are no audio listeners in the scene. Please ensure there is always one audio listener in the scene
There are no audio listeners in the scene. Please ensure there is always one audio listener in the scene
There are no audio listeners in the scene. Please ensure there is always one audio listener in the scene
There are no audio listeners in the scene. Please ensure there is always one audio listener in the scene
There are no audio listeners in the scene. Please ensure there is always one audio listener in the scene
There are no audio listeners in the scene. Please ensure there is always one audio listener in the scene
There are no audio listeners in the scene. Please ensure there is always one audio listener in the scene
There are no audio listeners in the scene. Please ensure there is always one audio listener in the scene
There are no audio listeners in the scene. Please ensure there is always one audio listener in the scene
There are no audio listeners in the scene. Please ensure there is always one audio listener in the scene
There are no audio listeners in the scene. Please ensure there is always one audio listener in the scene
There are no audio listeners in the scene. Please ensure there is always one audio listener in the scene
There are no audio listeners in the scene. Please ensure there is always one audio listener in the scene
There are no audio listeners in the scene. Please ensure there is always one audio listener in the scene
There are no audio listeners in the scene. Please ensure there is always one audio listener in the scene
There are no audio listeners in the scene. Please ensure there is always one audio listener in the scene
There are no audio listeners in the scene. Please ensure there is always one audio listener in the scene
There are no audio listeners in the scene. Please ensure there is always one audio listener in the scene
There are no audio listeners in the scene. Please ensure there is always one audio listener in the scene
There are no audio listeners in the scene. Please ensure there is always one audio listener in the scene
There are no audio listeners in the scene. Please ensure there is always one audio listener in the scene
There are no audio listeners in the scene. Please ensure there is always one audio listener in the scene
There are no audio listeners in the scene. Please ensure there is always one audio listener in the scene
There are no audio listeners in the scene. Please ensure there is always one audio listener in the scene
There are no audio listeners in the scene. Please ensure there is always one audio listener in the scene
There are no audio listeners in the scene. Please ensure there is always one audio listener in the scene
There are no audio listeners in the scene. Please ensure there is always one audio listener in the scene
There are no audio listeners in the scene. Please ensure there is always one audio listener in the scene
There are no audio listeners in the scene. Please ensure there is always one audio listener in the scene
There are no audio listeners in the scene. Please ensure there is always one audio listener in the scene
There are no audio listeners in the scene. Please ensure there is always one audio listener in the scene
There are no audio listeners in the scene. Please ensure there is always one audio listener in the scene
There are no audio listeners in the scene. Please ensure there is always one audio listener in the scene
There are no audio listeners in the scene. Please ensure there is always one audio listener in the scene
There are no audio listeners in the scene. Please ensure there is always one audio listener in the scene
There are no audio listeners in the scene. Please ensure there is always one audio listener in the scene
There are no audio listeners in the scene. Please ensure there is always one audio listener in the scene
There are no audio listeners in the scene. Please ensure there is always one audio listener in the scene
There are no audio listeners in the scene. Please ensure there is always one audio listener in the scene
There are no audio listeners in the scene. Please ensure there is always one audio listener in the scene
There are no audio listeners in the scene. Please ensure there is always one audio listener in the scene
There are no audio listeners in the scene. Please ensure there is always one audio listener in the scene
There are no audio listeners in the scene. Please ensure there is always one audio listener in the scene
There are no audio listeners in the scene. Please ensure there is always one audio listener in the scene
There are no audio listeners in the scene. Please ensure there is always one audio listener in the scene
There are no audio listeners in the scene. Please ensure there is always one audio listener in the scene
There are no audio listeners in the scene. Please ensure there is always one audio listener in the scene
There are no audio listeners in the scene. Please ensure there is always one audio listener in the scene
There are no audio listeners in the scene. Please ensure there is always one audio listener in the scene
There are no audio listeners in the scene. Please ensure there is always one audio listener in the scene
There are no audio listeners in the scene. Please ensure there is always one audio listener in the scene
There are no audio listeners in the scene. Please ensure there is always one audio listener in the scene
There are no audio listeners in the scene. Please ensure there is always one audio listener in the scene
There are no audio listeners in the scene. Please ensure there is always one audio listener in the scene
There are no audio listeners in the scene. Please ensure there is always one audio listener in the scene
There are no audio listeners in the scene. Please ensure there is always one audio listener in the scene
There are no audio listeners in the scene. Please ensure there is always one audio listener in the scene
There are no audio listeners in the scene. Please ensure there is always one audio listener in the scene
There are no audio listeners in the scene. Please ensure there is always one audio listener in the scene
There are no audio listeners in the scene. Please ensure there is always one audio listener in the scene
There are no audio listeners in the scene. Please ensure there is always one audio listener in the scene
There are no audio listeners in the scene. Please ensure there is always one audio listener in the scene
There are no audio listeners in the scene. Please ensure there is always one audio listener in the scene
There are no audio listeners in the scene. Please ensure there is always one audio listener in the scene
There are no audio listeners in the scene. Please ensure there is always one audio listener in the scene
There are no audio listeners in the scene. Please ensure there is always one audio listener in the scene
There are no audio listeners in the scene. Please ensure there is always one audio listener in the scene
There are no audio listeners in the scene. Please ensure there is always one audio listener in the scene
There are no audio listeners in the scene. Please ensure there is always one audio listener in the scene
There are no audio listeners in the scene. Please ensure there is always one audio listener in the scene
There are no audio listeners in the scene. Please ensure there is always one audio listener in the scene
There are no audio listeners in the scene. Please ensure there is always one audio listener in the scene
There are no audio listeners in the scene. Please ensure there is always one audio listener in the scene
There are no audio listeners in the scene. Please ensure there is always one audio listener in the scene
There are no audio listeners in the scene. Please ensure there is always one audio listener in the scene
There are no audio listeners in the scene. Please ensure there is always one audio listener in the scene
There are no audio listeners in the scene. Please ensure there is always one audio listener in the scene
There are no audio listeners in the scene. Please ensure there is always one audio listener in the scene
There are no audio listeners in the scene. Please ensure there is always one audio listener in the scene
There are no audio listeners in the scene. Please ensure there is always one audio listener in the scene
There are no audio listeners in the scene. Please ensure there is always one audio listener in the scene
There are no audio listeners in the scene. Please ensure there is always one audio listener in the scene
There are no audio listeners in the scene. Please ensure there is always one audio listener in the scene
There are no audio listeners in the scene. Please ensure there is always one audio listener in the scene
There are no audio listeners in the scene. Please ensure there is always one audio listener in the scene
There are no audio listeners in the scene. Please ensure there is always one audio listener in the scene
There are no audio listeners in the scene. Please ensure there is always one audio listener in the scene
There are no audio listeners in the scene. Please ensure there is always one audio listener in the scene
There are no audio listeners in the scene. Please ensure there is always one audio listener in the scene
There are no audio listeners in the scene. Please ensure there is always one audio listener in the scene
There are no audio listeners in the scene. Please ensure there is always one audio listener in the scene
There are no audio listeners in the scene. Please ensure there is always one audio listener in the scene
There are no audio listeners in the scene. Please ensure there is always one audio listener in the scene
There are no audio listeners in the scene. Please ensure there is always one audio listener in the scene
There are no audio listeners in the scene. Please ensure there is always one audio listener in the scene
There are no audio listeners in the scene. Please ensure there is always one audio listener in the scene
There are no audio listeners in the scene. Please ensure there is always one audio listener in the scene
There are no audio listeners in the scene. Please ensure there is always one audio listener in the scene
There are no audio listeners in the scene. Please ensure there is always one audio listener in the scene
There are no audio listeners in the scene. Please ensure there is always one audio listener in the scene
There are no audio listeners in the scene. Please ensure there is always one audio listener in the scene
There are no audio listeners in the scene. Please ensure there is always one audio listener in the scene
There are no audio listeners in the scene. Please ensure there is always one audio listener in the scene
There are no audio listeners in the scene. Please ensure there is always one audio listener in the scene
There are no audio listeners in the scene. Please ensure there is always one audio listener in the scene
There are no audio listeners in the scene. Please ensure there is always one audio listener in the scene
There are no audio listeners in the scene. Please ensure there is always one audio listener in the scene
There are no audio listeners in the scene. Please ensure there is always one audio listener in the scene
There are no audio listeners in the scene. Please ensure there is always one audio listener in the scene
There are no audio listeners in the scene. Please ensure there is always one audio listener in the scene
There are no audio listeners in the scene. Please ensure there is always one audio listener in the scene
There are no audio listeners in the scene. Please ensure there is always one audio listener in the scene
There are no audio listeners in the scene. Please ensure there is always one audio listener in the scene
There are no audio listeners in the scene. Please ensure there is always one audio listener in the scene
There are no audio listeners in the scene. Please ensure there is always one audio listener in the scene
There are no audio listeners in the scene. Please ensure there is always one audio listener in the scene
There are no audio listeners in the scene. Please ensure there is always one audio listener in the scene
There are no audio listeners in the scene. Please ensure there is always one audio listener in the scene
There are no audio listeners in the scene. Please ensure there is always one audio listener in the scene
There are no audio listeners in the scene. Please ensure there is always one audio listener in the scene
There are no audio listeners in the scene. Please ensure there is always one audio listener in the scene
There are no audio listeners in the scene. Please ensure there is always one audio listener in the scene
There are no audio listeners in the scene. Please ensure there is always one audio listener in the scene
There are no audio listeners in the scene. Please ensure there is always one audio listener in the scene
There are no audio listeners in the scene. Please ensure there is always one audio listener in the scene
There are no audio listeners in the scene. Please ensure there is always one audio listener in the scene
There are no audio listeners in the scene. Please ensure there is always one audio listener in the scene
There are no audio listeners in the scene. Please ensure there is always one audio listener in the scene
There are no audio listeners in the scene. Please ensure there is always one audio listener in the scene
There are no audio listeners in the scene. Please ensure there is always one audio listener in the scene
There are no audio listeners in the scene. Please ensure there is always one audio listener in the scene
There are no audio listeners in the scene. Please ensure there is always one audio listener in the scene
There are no audio listeners in the scene. Please ensure there is always one audio listener in the scene
There are no audio listeners in the scene. Please ensure there is always one audio listener in the scene
There are no audio listeners in the scene. Please ensure there is always one audio listener in the scene
There are no audio listeners in the scene. Please ensure there is always one audio listener in the scene
There are no audio listeners in the scene. Please ensure there is always one audio listener in the scene
There are no audio listeners in the scene. Please ensure there is always one audio listener in the scene
There are no audio listeners in the scene. Please ensure there is always one audio listener in the scene
There are no audio listeners in the scene. Please ensure there is always one audio listener in the scene
There are no audio listeners in the scene. Please ensure there is always one audio listener in the scene
There are no audio listeners in the scene. Please ensure there is always one audio listener in the scene
There are no audio listeners in the scene. Please ensure there is always one audio listener in the scene
There are no audio listeners in the scene. Please ensure there is always one audio listener in the scene
There are no audio listeners in the scene. Please ensure there is always one audio listener in the scene
There are no audio listeners in the scene. Please ensure there is always one audio listener in the scene
There are no audio listeners in the scene. Please ensure there is always one audio listener in the scene
There are no audio listeners in the scene. Please ensure there is always one audio listener in the scene
There are no audio listeners in the scene. Please ensure there is always one audio listener in the scene
There are no audio listeners in the scene. Please ensure there is always one audio listener in the scene
There are no audio listeners in the scene. Please ensure there is always one audio listener in the scene
There are no audio listeners in the scene. Please ensure there is always one audio listener in the scene
There are no audio listeners in the scene. Please ensure there is always one audio listener in the scene
There are no audio listeners in the scene. Please ensure there is always one audio listener in the scene
There are no audio listeners in the scene. Please ensure there is always one audio listener in the scene
There are no audio listeners in the scene. Please ensure there is always one audio listener in the scene
There are no audio listeners in the scene. Please ensure there is always one audio listener in the scene
There are no audio listeners in the scene. Please ensure there is always one audio listener in the scene
There are no audio listeners in the scene. Please ensure there is always one audio listener in the scene
There are no audio listeners in the scene. Please ensure there is always one audio listener in the scene
There are no audio listeners in the scene. Please ensure there is always one audio listener in the scene
There are no audio listeners in the scene. Please ensure there is always one audio listener in the scene
There are no audio listeners in the scene. Please ensure there is always one audio listener in the scene
There are no audio listeners in the scene. Please ensure there is always one audio listener in the scene
There are no audio listeners in the scene. Please ensure there is always one audio listener in the scene
There are no audio listeners in the scene. Please ensure there is always one audio listener in the scene
There are no audio listeners in the scene. Please ensure there is always one audio listener in the scene
There are no audio listeners in the scene. Please ensure there is always one audio listener in the scene
There are no audio listeners in the scene. Please ensure there is always one audio listener in the scene
There are no audio listeners in the scene. Please ensure there is always one audio listener in the scene
There are no audio listeners in the scene. Please ensure there is always one audio listener in the scene
There are no audio listeners in the scene. Please ensure there is always one audio listener in the scene
There are no audio listeners in the scene. Please ensure there is always one audio listener in the scene
There are no audio listeners in the scene. Please ensure there is always one audio listener in the scene
There are no audio listeners in the scene. Please ensure there is always one audio listener in the scene
There are no audio listeners in the scene. Please ensure there is always one audio listener in the scene
There are no audio listeners in the scene. Please ensure there is always one audio listener in the scene
There are no audio listeners in the scene. Please ensure there is always one audio listener in the scene
There are no audio listeners in the scene. Please ensure there is always one audio listener in the scene
There are no audio listeners in the scene. Please ensure there is always one audio listener in the scene
There are no audio listeners in the scene. Please ensure there is always one audio listener in the scene
There are no audio listeners in the scene. Please ensure there is always one audio listener in the scene
There are no audio listeners in the scene. Please ensure there is always one audio listener in the scene
There are no audio listeners in the scene. Please ensure there is always one audio listener in the scene
There are no audio listeners in the scene. Please ensure there is always one audio listener in the scene
There are no audio listeners in the scene. Please ensure there is always one audio listener in the scene
There are no audio listeners in the scene. Please ensure there is always one audio listener in the scene
There are no audio listeners in the scene. Please ensure there is always one audio listener in the scene
There are no audio listeners in the scene. Please ensure there is always one audio listener in the scene
There are no audio listeners in the scene. Please ensure there is always one audio listener in the scene
There are no audio listeners in the scene. Please ensure there is always one audio listener in the scene
There are no audio listeners in the scene. Please ensure there is always one audio listener in the scene
There are no audio listeners in the scene. Please ensure there is always one audio listener in the scene
There are no audio listeners in the scene. Please ensure there is always one audio listener in the scene
There are no audio listeners in the scene. Please ensure there is always one audio listener in the scene
There are no audio listeners in the scene. Please ensure there is always one audio listener in the scene
There are no audio listeners in the scene. Please ensure there is always one audio listener in the scene
There are no audio listeners in the scene. Please ensure there is always one audio listener in the scene
There are no audio listeners in the scene. Please ensure there is always one audio listener in the scene
There are no audio listeners in the scene. Please ensure there is always one audio listener in the scene
There are no audio listeners in the scene. Please ensure there is always one audio listener in the scene
There are no audio listeners in the scene. Please ensure there is always one audio listener in the scene
[...]
                <properties>
                  <property name="_JOINTYPE" value="UnityCombinatorial" />
                  <property name="Timeout" value="120000" />
                  <property name="retryIteration" value="0" />
                  <property name="repeatIteration" value="0" />
                </properties>
                <failure>
                  <message><![CDATA[Unhandled log message: '[Error] RenderTexture.Create failed'. Use UnityEngine.TestTools.LogAssert.Expect]]></message>
                  <stack-trace><![CDATA[UnityEngine.Rendering.RenderPipelineManager:DoRenderLoop_Internal (UnityEngine.Rendering.RenderPipelineAsset,intptr,object,Unity.Collections.LowLevel.Unsafe.AtomicSafetyHandle)

]]></stack-trace>
                </failure>
                <output><![CDATA[
IgnoreFailingMessages:true
There are no audio listeners in the scene. Please ensure there is always one audio listener in the scene
SetConstantBuffer: The current renderer does not support constant buffers. This call will have no effect.
SetConstantBuffer: The current renderer does not support constant buffers. This call will have no effect.
RenderTexture.Create failed
RenderTexture.Create failed
RenderTexture.Create failed
DrawDepthNormalPrepass: Unable to find surface for attachment 0
EndRenderPass: Not inside a Renderpass
RenderTexture.Create failed
RenderTexture.Create failed
RenderTexture.Create failed
DrawOpaqueObjects: Unable to find surface for attachment 0
EndRenderPass: Not inside a Renderpass
RenderTexture.Create failed
RenderTexture.Create failed
RenderTexture.Create failed
DrawTransparentObjects: Unable to find surface for attachment 0
EndRenderPass: Not inside a Renderpass
There are no audio listeners in the scene. Please ensure there is always one audio listener in the scene
SetConstantBuffer: The current renderer does not support constant buffers. This call will have no effect.
SetConstantBuffer: The current renderer does not support constant buffers. This call will have no effect.
RenderTexture.Create failed
RenderTexture.Create failed
RenderTexture.Create failed
DrawDepthNormalPrepass: Unable to find surface for attachment 0
EndRenderPass: Not inside a Renderpass
RenderTexture.Create failed
RenderTexture.Create failed
RenderTexture.Create failed
DrawOpaqueObjects: Unable to find surface for attachment 0
EndRenderPass: Not inside a Renderpass
RenderTexture.Create failed
RenderTexture.Create failed
RenderTexture.Create failed
DrawTransparentObjects: Unable to find surface for attachment 0
EndRenderPass: Not inside a Renderpass
There are no audio listeners in the scene. Please ensure there is always one audio listener in the scene

IgnoreFailingMessages:true
There are no audio listeners in the scene. Please ensure there is always one audio listener in the scene
SetConstantBuffer: The current renderer does not support constant buffers. This call will have no effect.
SetConstantBuffer: The current renderer does not support constant buffers. This call will have no effect.
RenderTexture.Create failed
RenderTexture.Create failed
RenderTexture.Create failed
DrawDepthNormalPrepass: Unable to find surface for attachment 0
EndRenderPass: Not inside a Renderpass
RenderTexture.Create failed
RenderTexture.Create failed
RenderTexture.Create failed
DrawOpaqueObjects: Unable to find surface for attachment 0
EndRenderPass: Not inside a Renderpass
RenderTexture.Create failed
RenderTexture.Create failed
RenderTexture.Create failed
DrawTransparentObjects: Unable to find surface for attachment 0
EndRenderPass: Not inside a Renderpass
]]></output>
              </test-case>
              <test-case id="1075" name="SandboxScene_SmokeTest" fullname="DiplomaGame.Tests.Runtime.SceneIntegrationTests.SandboxScene_SmokeTest" methodname="SandboxScene_SmokeTest" classname="DiplomaGame.Tests.Runtime.SceneIntegrationTests" runstate="Runnable" seed="302585978" result="Failed" start-time="2026-06-12 14:00:48Z" end-time="2026-06-12 14:00:49Z" duration="0.339233" asserts="0">
                <properties>
                  <property name="_JOINTYPE" value="UnityCombinatorial" />
                  <property name="Timeout" value="60000" />
                  <property name="retryIteration" value="0" />
                  <property name="repeatIteration" value="0" />
                </properties>
                <failure>
                  <message><![CDATA[Unhandled log message: '[Error] RenderTexture.Create failed'. Use UnityEngine.TestTools.LogAssert.Expect]]></message>
                  <stack-trace><![CDATA[UnityEngine.Rendering.RenderPipelineManager:DoRenderLoop_Internal (UnityEngine.Rendering.RenderPipelineAsset,intptr,object,Unity.Collections.LowLevel.Unsafe.AtomicSafetyHandle)

]]></stack-trace>
                </failure>
                <output><![CDATA[
IgnoreFailingMessages:true
There are no audio listeners in the scene. Please ensure there is always one audio listener in the scene
SetConstantBuffer: The current renderer does not support constant buffers. This call will have no effect.
SetConstantBuffer: The current renderer does not support constant buffers. This call will have no effect.
RenderTexture.Create failed
RenderTexture.Create failed
RenderTexture.Create failed
DrawDepthNormalPrepass: Unable to find surface for attachment 0
EndRenderPass: Not inside a Renderpass
RenderTexture.Create failed
RenderTexture.Create failed
RenderTexture.Create failed
DrawOpaqueObjects: Unable to find surface for attachment 0
EndRenderPass: Not inside a Renderpass
RenderTexture.Create failed
RenderTexture.Create failed
RenderTexture.Create failed
DrawTransparentObjects: Unable to find surface for attachment 0
EndRenderPass: Not inside a Renderpass
There are no audio listeners in the scene. Please ensure there is always one audio listener in the scene
SetConstantBuffer: The current renderer does not support constant buffers. This call will have no effect.
SetConstantBuffer: The current renderer does not support constant buffers. This call will have no effect.
RenderTexture.Create failed
RenderTexture.Create failed
RenderTexture.Create failed
DrawDepthNormalPrepass: Unable to find surface for attachment 0
EndRenderPass: Not inside a Renderpass
RenderTexture.Create failed
RenderTexture.Create failed
RenderTexture.Create failed
DrawOpaqueObjects: Unable to find surface for attachment 0
EndRenderPass: Not inside a Renderpass
RenderTexture.Create failed
RenderTexture.Create failed
RenderTexture.Create failed
DrawTransparentObjects: Unable to find surface for attachment 0
EndRenderPass: Not inside a Renderpass
There are no audio listeners in the scene. Please ensure there is always one audio listener in the scene

IgnoreFailingMessages:true
There are no audio listeners in the scene. Please ensure there is always one audio listener in the scene
SetConstantBuffer: The current renderer does not support constant buffers. This call will have no effect.
SetConstantBuffer: The current renderer does not support constant buffers. This call will have no effect.
RenderTexture.Create failed
RenderTexture.Create failed
RenderTexture.Create failed
DrawDepthNormalPrepass: Unable to find surface for attachment 0
EndRenderPass: Not inside a Renderpass
RenderTexture.Create failed
RenderTexture.Create failed
RenderTexture.Create failed
DrawOpaqueObjects: Unable to find surface for attachment 0
EndRenderPass: Not inside a Renderpass
RenderTexture.Create failed
RenderTexture.Create failed
RenderTexture.Create failed
DrawTransparentObjects: Unable to find surface for attachment 0
EndRenderPass: Not inside a Renderpass
]]></output>
              </test-case>
            </test-suite>
            <test-suite type="TestFixture" id="1078" name="TechBalanceTests" fullname="DiplomaGame.Tests.Runtime.TechBalanceTests" classname="DiplomaGame.Tests.Runtime.TechBalanceTests" runstate="Runnable" testcasecount="2" result="Failed" site="Child" start-time="2026-06-12 14:00:49Z" end-time="2026-06-12 14:00:52Z" duration="3.787930" total="2" passed="1" failed="1" inconclusive="0" skipped="0" asserts="0">
              <properties>
                <property name="Category" value="Balance" />
              </properties>
              <failure>
                <message><![CDATA[One or more child tests had errors]]></message>
              </failure>
              <test-case id="1080" name="Armoring_TankUnaffected" fullname="DiplomaGame.Tests.Runtime.TechBalanceTests.Armoring_TankUnaffected" methodname="Armoring_TankUnaffected" classname="DiplomaGame.Tests.Runtime.TechBalanceTests" runstate="Runnable" seed="1292228845" result="Passed" start-time="2026-06-12 14:00:49Z" end-time="2026-06-12 14:00:49Z" duration="0.014033" asserts="0">
                <properties>
                  <property name="retryIteration" value="0" />
                  <property name="repeatIteration" value="0" />
                </properties>
              </test-case>
              <test-case id="1079" name="WeaponUpgrade_5v5_FavorsUpgradedArmy" fullname="DiplomaGame.Tests.Runtime.TechBalanceTests.WeaponUpgrade_5v5_FavorsUpgradedArmy" methodname="WeaponUpgrade_5v5_FavorsUpgradedArmy" classname="DiplomaGame.Tests.Runtime.TechBalanceTests" runstate="Runnable" seed="1047709081" result="Failed" start-time="2026-06-12 14:00:49Z" end-time="2026-06-12 14:00:52Z" duration="3.772697" asserts="0">
                <properties>
                  <property name="_JOINTYPE" value="UnityCombinatorial" />
                  <property name="Timeout" value="120000" />
                  <property name="retryIteration" value="0" />
                  <property name="repeatIteration" value="0" />
                </properties>
                <failure>
                  <message><![CDATA[  С +15% уроном Player обязан победить или иметь преимущество по HP. Player alive=0, HP=0; Enemy alive=2, HP=28
  Expected: True
  But was:  False
]]></message>
                  <stack-trace><![CDATA[at DiplomaGame.Tests.Runtime.TechBalanceTests+<WeaponUpgrade_5v5_FavorsUpgradedArmy>d__13.MoveNext () [0x00199] in D:\Projects\diplomaGame\Assets\_Project\Tests\Runtime\TechBalanceTests.cs:256
at UnityEngine.TestTools.TestEnumerator+<Execute>d__7.MoveNext () [0x0003a] in .\Library\PackageCache\com.unity.test-framework@76560ee600cb\UnityEngine.TestRunner\NUnitExtensions\Attributes\TestEnumerator.cs:44
]]></stack-trace>
                </failure>
                <output><![CDATA[[TechBalance] Stall-breaker: Player→EnemyBase((30.00, 0.00, 30.00)), Enemy→PlayerBase((-30.00, 0.00, -30.00)).
[TechBalance] WeaponUpgrade 5v5: Player alive=0, HP=0; Enemy alive=2, HP=28
]]></output>
              </test-case>
            </test-suite>
            <test-suite type="TestFixture" id="1081" name="UnitTests" fullname="DiplomaGame.Tests.Runtime.UnitTests" classname="DiplomaGame.Tests.Runtime.UnitTests" runstate="Runnable" testcasecount="4" result="Passed" start-time="2026-06-12 14:00:52Z" end-time="2026-06-12 14:00:52Z" duration="0.032225" total="4" passed="4" failed="0" inconclusive="0" skipped="0" asserts="0">
              <properties />
              <test-case id="1083" name="IssueCommand_Hold_StateIsHoldingAndNoPath" fullname="DiplomaGame.Tests.Runtime.UnitTests.IssueCommand_Hold_StateIsHoldingAndNoPath" methodname="IssueCommand_Hold_StateIsHoldingAndNoPath" classname="DiplomaGame.Tests.Runtime.UnitTests" runstate="Runnable" seed="448338785" result="Passed" start-time="2026-06-12 14:00:52Z" end-time="2026-06-12 14:00:52Z" duration="0.009570" asserts="0">
                <properties>
                  <property name="_JOINTYPE" value="UnityCombinatorial" />
                  <property name="retryIteration" value="0" />
                  <property name="repeatIteration" value="0" />
                </properties>
              </test-case>
              <test-case id="1082" name="IssueCommand_Move_StateIsMovingAndHasPath" fullname="DiplomaGame.Tests.Runtime.UnitTests.IssueCommand_Move_StateIsMovingAndHasPath" methodname="IssueCommand_Move_StateIsMovingAndHasPath" classname="DiplomaGame.Tests.Runtime.UnitTests" runstate="Runnable" seed="734453040" result="Passed" start-time="2026-06-12 14:00:52Z" end-time="2026-06-12 14:00:52Z" duration="0.008098" asserts="0">
                <properties>
                  <property name="_JOINTYPE" value="UnityCombinatorial" />
                  <property name="retryIteration" value="0" />
                  <property name="repeatIteration" value="0" />
                </properties>
              </test-case>
              <test-case id="1084" name="SetSelected_WithoutSelectionRing_DoesNotThrow" fullname="DiplomaGame.Tests.Runtime.UnitTests.SetSelected_WithoutSelectionRing_DoesNotThrow" methodname="SetSelected_WithoutSelectionRing_DoesNotThrow" classname="DiplomaGame.Tests.Runtime.UnitTests" runstate="Runnable" seed="248488279" result="Passed" start-time="2026-06-12 14:00:52Z" end-time="2026-06-12 14:00:52Z" duration="0.006467" asserts="0">
                <properties>
                  <property name="retryIteration" value="0" />
                  <property name="repeatIteration" value="0" />
                </properties>
              </test-case>
              <test-case id="1085" name="UnitRegistry_OnEnableRegisters_OnDisableUnregisters" fullname="DiplomaGame.Tests.Runtime.UnitTests.UnitRegistry_OnEnableRegisters_OnDisableUnregisters" methodname="UnitRegistry_OnEnableRegisters_OnDisableUnregisters" classname="DiplomaGame.Tests.Runtime.UnitTests" runstate="Runnable" seed="1770212178" result="Passed" start-time="2026-06-12 14:00:52Z" end-time="2026-06-12 14:00:52Z" duration="0.006705" asserts="0">
                <properties>
                  <property name="retryIteration" value="0" />
                  <property name="repeatIteration" value="0" />
                </properties>
              </test-case>
            </test-suite>
            <test-suite type="TestFixture" id="1086" name="VfxTests" fullname="DiplomaGame.Tests.Runtime.VfxTests" classname="DiplomaGame.Tests.Runtime.VfxTests" runstate="Runnable" testcasecount="8" result="Passed" start-time="2026-06-12 14:00:52Z" end-time="2026-06-12 14:00:52Z" duration="0.023533" total="8" passed="8" failed="0" inconclusive="0" skipped="0" asserts="0">
              <properties />
              <test-case id="1094" name="MuzzleIndex_AfterTwoPlays_IsOne" fullname="DiplomaGame.Tests.Runtime.VfxTests.MuzzleIndex_AfterTwoPlays_IsOne" methodname="MuzzleIndex_AfterTwoPlays_IsOne" classname="DiplomaGame.Tests.Runtime.VfxTests" runstate="Runnable" seed="1319601136" result="Passed" start-time="2026-06-12 14:00:52Z" end-time="2026-06-12 14:00:52Z" duration="0.004278" asserts="0">
                <properties>
                  <property name="_JOINTYPE" value="UnityCombinatorial" />
                  <property name="retryIteration" value="0" />
                  <property name="repeatIteration" value="0" />
                </properties>
              </test-case>
              <test-case id="1093" name="MuzzleIndex_InitiallyMinusOne" fullname="DiplomaGame.Tests.Runtime.VfxTests.MuzzleIndex_InitiallyMinusOne" methodname="MuzzleIndex_InitiallyMinusOne" classname="DiplomaGame.Tests.Runtime.VfxTests" runstate="Runnable" seed="109994909" result="Passed" start-time="2026-06-12 14:00:52Z" end-time="2026-06-12 14:00:52Z" duration="0.002230" asserts="0">
                <properties>
                  <property name="_JOINTYPE" value="UnityCombinatorial" />
                  <property name="retryIteration" value="0" />
                  <property name="repeatIteration" value="0" />
                </properties>
              </test-case>
              <test-case id="1091" name="Play_EmptyPool_DoesNotThrow" fullname="DiplomaGame.Tests.Runtime.VfxTests.Play_EmptyPool_DoesNotThrow" methodname="Play_EmptyPool_DoesNotThrow" classname="DiplomaGame.Tests.Runtime.VfxTests" runstate="Runnable" seed="1174058875" result="Passed" start-time="2026-06-12 14:00:52Z" end-time="2026-06-12 14:00:52Z" duration="0.002238" asserts="0">
                <properties>
                  <property name="_JOINTYPE" value="UnityCombinatorial" />
                  <property name="retryIteration" value="0" />
                  <property name="repeatIteration" value="0" />
                </properties>
              </test-case>
              <test-case id="1090" name="Play_FourthCall_WrapsToZero" fullname="DiplomaGame.Tests.Runtime.VfxTests.Play_FourthCall_WrapsToZero" methodname="Play_FourthCall_WrapsToZero" classname="DiplomaGame.Tests.Runtime.VfxTests" runstate="Runnable" seed="455852465" result="Passed" start-time="2026-06-12 14:00:52Z" end-time="2026-06-12 14:00:52Z" duration="0.002941" asserts="0">
                <properties>
                  <property name="_JOINTYPE" value="UnityCombinatorial" />
                  <property name="retryIteration" value="0" />
                  <property name="repeatIteration" value="0" />
                </properties>
              </test-case>
              <test-case id="1088" name="Play_HitPool_ActivatesObjectAtPosition" fullname="DiplomaGame.Tests.Runtime.VfxTests.Play_HitPool_ActivatesObjectAtPosition" methodname="Play_HitPool_ActivatesObjectAtPosition" classname="DiplomaGame.Tests.Runtime.VfxTests" runstate="Runnable" seed="588628268" result="Passed" start-time="2026-06-12 14:00:52Z" end-time="2026-06-12 14:00:52Z" duration="0.002505" asserts="0">
                <properties>
                  <property name="_JOINTYPE" value="UnityCombinatorial" />
                  <property name="retryIteration" value="0" />
                  <property name="repeatIteration" value="0" />
                </properties>
              </test-case>
              <test-case id="1087" name="Play_MuzzlePool_ActivatesParticleObject" fullname="DiplomaGame.Tests.Runtime.VfxTests.Play_MuzzlePool_ActivatesParticleObject" methodname="Play_MuzzlePool_ActivatesParticleObject" classname="DiplomaGame.Tests.Runtime.VfxTests" runstate="Runnable" seed="86998831" result="Passed" start-time="2026-06-12 14:00:52Z" end-time="2026-06-12 14:00:52Z" duration="0.002367" asserts="0">
                <properties>
                  <property name="_JOINTYPE" value="UnityCombinatorial" />
                  <property name="retryIteration" value="0" />
                  <property name="repeatIteration" value="0" />
                </properties>
              </test-case>
              <test-case id="1092" name="Play_NullPool_DoesNotThrow" fullname="DiplomaGame.Tests.Runtime.VfxTests.Play_NullPool_DoesNotThrow" methodname="Play_NullPool_DoesNotThrow" classname="DiplomaGame.Tests.Runtime.VfxTests" runstate="Runnable" seed="423046772" result="Passed" start-time="2026-06-12 14:00:52Z" end-time="2026-06-12 14:00:52Z" duration="0.002167" asserts="0">
                <properties>
                  <property name="_JOINTYPE" value="UnityCombinatorial" />
                  <property name="retryIteration" value="0" />
                  <property name="repeatIteration" value="0" />
                </properties>
              </test-case>
              <test-case id="1089" name="Play_ThreeTimes_CyclesPool" fullname="DiplomaGame.Tests.Runtime.VfxTests.Play_ThreeTimes_CyclesPool" methodname="Play_ThreeTimes_CyclesPool" classname="DiplomaGame.Tests.Runtime.VfxTests" runstate="Runnable" seed="14403711" result="Passed" start-time="2026-06-12 14:00:52Z" end-time="2026-06-12 14:00:52Z" duration="0.002835" asserts="0">
                <properties>
                  <property name="_JOINTYPE" value="UnityCombinatorial" />
                  <property name="retryIteration" value="0" />
                  <property name="repeatIteration" value="0" />
                </properties>
                <output><![CDATA[Saving results to: C:/Users/arcsy/AppData/LocalLow/DefaultCompany/diplomaGame\TestResults.xml
]]></output>
              </test-case>
            </test-suite>
          </test-suite>
        </test-suite>
      </test-suite>
    </test-suite>
  </test-suite>
</test-run>