<?xml version="1.0" encoding="utf-8"?>
<test-run id="2" testcasecount="3" result="Failed(Child)" total="3" passed="0" failed="3" inconclusive="0" skipped="0" asserts="0" engine-version="3.5.0.0" clr-version="4.0.30319.42000" start-time="2026-06-12 12:47:28Z" end-time="2026-06-12 12:47:30Z" duration="1,8829961">
  <test-suite type="TestSuite" id="1139" name="diplomaGame" fullname="diplomaGame" runstate="Runnable" testcasecount="107" result="Failed" site="Child" start-time="2026-06-12 12:47:28Z" end-time="2026-06-12 12:47:30Z" duration="1.882996" total="3" passed="0" failed="3" inconclusive="0" skipped="0" asserts="0">
    <properties>
      <property name="platform" value="PlayMode" />
    </properties>
    <failure>
      <message><![CDATA[One or more child tests had errors]]></message>
    </failure>
    <test-suite type="Assembly" id="1132" name="DiplomaGame.Tests.Runtime.dll" fullname="D:/Projects/diplomaGame/Library/ScriptAssemblies/DiplomaGame.Tests.Runtime.dll" runstate="Runnable" testcasecount="107" result="Failed" site="Child" start-time="2026-06-12 12:47:28Z" end-time="2026-06-12 12:47:30Z" duration="1.872534" total="3" passed="0" failed="3" inconclusive="0" skipped="0" asserts="0">
      <properties>
        <property name="_PID" value="2144" />
        <property name="_APPDOMAIN" value="Unity Child Domain" />
        <property name="platform" value="PlayMode" />
        <property name="EditorOnly" value="False" />
      </properties>
      <failure>
        <message><![CDATA[One or more child tests had errors]]></message>
      </failure>
      <test-suite type="TestSuite" id="1133" name="DiplomaGame" fullname="DiplomaGame" runstate="Runnable" testcasecount="107" result="Failed" site="Child" start-time="2026-06-12 12:47:28Z" end-time="2026-06-12 12:47:30Z" duration="1.871056" total="3" passed="0" failed="3" inconclusive="0" skipped="0" asserts="0">
        <properties />
        <failure>
          <message><![CDATA[One or more child tests had errors]]></message>
        </failure>
        <test-suite type="TestSuite" id="1134" name="Tests" fullname="DiplomaGame.Tests" runstate="Runnable" testcasecount="107" result="Failed" site="Child" start-time="2026-06-12 12:47:28Z" end-time="2026-06-12 12:47:30Z" duration="1.869980" total="3" passed="0" failed="3" inconclusive="0" skipped="0" asserts="0">
          <properties />
          <failure>
            <message><![CDATA[One or more child tests had errors]]></message>
          </failure>
          <test-suite type="TestSuite" id="1135" name="Runtime" fullname="DiplomaGame.Tests.Runtime" runstate="Runnable" testcasecount="107" result="Failed" site="Child" start-time="2026-06-12 12:47:28Z" end-time="2026-06-12 12:47:30Z" duration="1.868867" total="3" passed="0" failed="3" inconclusive="0" skipped="0" asserts="0">
            <properties />
            <failure>
              <message><![CDATA[One or more child tests had errors]]></message>
            </failure>
            <test-suite type="TestFixture" id="1074" name="SceneIntegrationTests" fullname="DiplomaGame.Tests.Runtime.SceneIntegrationTests" classname="DiplomaGame.Tests.Runtime.SceneIntegrationTests" runstate="Runnable" testcasecount="3" result="Failed" site="Child" start-time="2026-06-12 12:47:28Z" end-time="2026-06-12 12:47:30Z" duration="1.865861" total="3" passed="0" failed="3" inconclusive="0" skipped="0" asserts="0">
              <properties>
                <property name="Category" value="SceneIntegration" />
              </properties>
              <failure>
                <message><![CDATA[One or more child tests had errors]]></message>
              </failure>
              <test-case id="1076" name="SandboxScene_FullMatch_AiVsAi_Terminates" fullname="DiplomaGame.Tests.Runtime.SceneIntegrationTests.SandboxScene_FullMatch_AiVsAi_Terminates" methodname="SandboxScene_FullMatch_AiVsAi_Terminates" classname="DiplomaGame.Tests.Runtime.SceneIntegrationTests" runstate="Runnable" seed="840687588" result="Failed" start-time="2026-06-12 12:47:28Z" end-time="2026-06-12 12:47:29Z" duration="1.219929" asserts="0">
                <properties>
                  <property name="_JOINTYPE" value="UnityCombinatorial" />
                  <property name="Timeout" value="120000" />
                  <property name="retryIteration" value="0" />
                  <property name="repeatIteration" value="0" />
                </properties>
                <failure>
                  <message><![CDATA[Unhandled log message: '[Error] RenderTexture.Create failed'. Use UnityEngine.TestTools.LogAssert.Expect
TearDown : Unhandled log message: '[Error] RenderTexture.Create failed'. Use UnityEngine.TestTools.LogAssert.Expect]]></message>
                  <stack-trace><![CDATA[UnityEngine.Rendering.RenderPipelineManager:DoRenderLoop_Internal (UnityEngine.Rendering.RenderPipelineAsset,intptr,object,Unity.Collections.LowLevel.Unsafe.AtomicSafetyHandle)

]]></stack-trace>
                </failure>
                <output><![CDATA[
IgnoreFailingMessages:true
Failed to create agent because it is not close enough to the NavMesh
There are no audio listeners in the scene. Please ensure there is always one audio listener in the scene
RenderTexture.Create failed
RenderTexture.Create failed
Failed to set the active render target, ensure that it is a valid render target.
RenderTexture.Create failed
RenderTexture.Create failed
SetConstantBuffer: The current renderer does not support constant buffers. This call will have no effect.
SetConstantBuffer: The current renderer does not support constant buffers. This call will have no effect.
RenderTexture.Create failed
RenderTexture.Create failed
RenderTexture.Create failed
DrawDepthNormalPrepass: Unable to find surface for attachment 0
EndRenderPass: Not inside a Renderpass
RenderTexture.Create failed
RenderTexture.Create failed
RenderTexture.Create failed
DrawOpaqueObjects: Unable to find surface for attachment 0
EndRenderPass: Not inside a Renderpass
RenderTexture.Create failed
RenderTexture.Create failed
RenderTexture.Create failed
DrawTransparentObjects: Unable to find surface for attachment 0
EndRenderPass: Not inside a Renderpass
Failed to create agent because it is not close enough to the NavMesh
There are no audio listeners in the scene. Please ensure there is always one audio listener in the scene
SetConstantBuffer: The current renderer does not support constant buffers. This call will have no effect.
SetConstantBuffer: The current renderer does not support constant buffers. This call will have no effect.
RenderTexture.Create failed
RenderTexture.Create failed
RenderTexture.Create failed
DrawDepthNormalPrepass: Unable to find surface for attachment 0
EndRenderPass: Not inside a Renderpass
RenderTexture.Create failed
RenderTexture.Create failed
RenderTexture.Create failed
DrawOpaqueObjects: Unable to find surface for attachment 0
EndRenderPass: Not inside a Renderpass
RenderTexture.Create failed
RenderTexture.Create failed
RenderTexture.Create failed
DrawTransparentObjects: Unable to find surface for attachment 0
EndRenderPass: Not inside a Renderpass
There are no audio listeners in the scene. Please ensure there is always one audio listener in the scene
There are no audio listeners in the scene. Please ensure there is always one audio listener in the scene
SetConstantBuffer: The current renderer does not support constant buffers. This call will have no effect.
SetConstantBuffer: The current renderer does not support constant buffers. This call will have no effect.
RenderTexture.Create failed
RenderTexture.Create failed
RenderTexture.Create failed
DrawDepthNormalPrepass: Unable to find surface for attachment 0
EndRenderPass: Not inside a Renderpass
RenderTexture.Create failed
RenderTexture.Create failed
RenderTexture.Create failed
DrawOpaqueObjects: Unable to find surface for attachment 0
EndRenderPass: Not inside a Renderpass
RenderTexture.Create failed
RenderTexture.Create failed
RenderTexture.Create failed
DrawTransparentObjects: Unable to find surface for attachment 0
EndRenderPass: Not inside a Renderpass
]]></output>
              </test-case>
              <test-case id="1077" name="SandboxScene_PerfDuringWave" fullname="DiplomaGame.Tests.Runtime.SceneIntegrationTests.SandboxScene_PerfDuringWave" methodname="SandboxScene_PerfDuringWave" classname="DiplomaGame.Tests.Runtime.SceneIntegrationTests" runstate="Runnable" seed="1005215944" result="Failed" start-time="2026-06-12 12:47:29Z" end-time="2026-06-12 12:47:29Z" duration="0.318595" asserts="0">
                <properties>
                  <property name="_JOINTYPE" value="UnityCombinatorial" />
                  <property name="Timeout" value="120000" />
                  <property name="retryIteration" value="0" />
                  <property name="repeatIteration" value="0" />
                </properties>
                <failure>
                  <message><![CDATA[Unhandled log message: '[Error] RenderTexture.Create failed'. Use UnityEngine.TestTools.LogAssert.Expect
TearDown : Unhandled log message: '[Error] RenderTexture.Create failed'. Use UnityEngine.TestTools.LogAssert.Expect]]></message>
                  <stack-trace><![CDATA[UnityEngine.Rendering.RenderPipelineManager:DoRenderLoop_Internal (UnityEngine.Rendering.RenderPipelineAsset,intptr,object,Unity.Collections.LowLevel.Unsafe.AtomicSafetyHandle)

]]></stack-trace>
                </failure>
                <output><![CDATA[
IgnoreFailingMessages:true
Failed to create agent because it is not close enough to the NavMesh
There are no audio listeners in the scene. Please ensure there is always one audio listener in the scene
SetConstantBuffer: The current renderer does not support constant buffers. This call will have no effect.
SetConstantBuffer: The current renderer does not support constant buffers. This call will have no effect.
RenderTexture.Create failed
RenderTexture.Create failed
RenderTexture.Create failed
DrawDepthNormalPrepass: Unable to find surface for attachment 0
EndRenderPass: Not inside a Renderpass
RenderTexture.Create failed
RenderTexture.Create failed
RenderTexture.Create failed
DrawOpaqueObjects: Unable to find surface for attachment 0
EndRenderPass: Not inside a Renderpass
RenderTexture.Create failed
RenderTexture.Create failed
RenderTexture.Create failed
DrawTransparentObjects: Unable to find surface for attachment 0
EndRenderPass: Not inside a Renderpass
Failed to create agent because it is not close enough to the NavMesh
There are no audio listeners in the scene. Please ensure there is always one audio listener in the scene
SetConstantBuffer: The current renderer does not support constant buffers. This call will have no effect.
SetConstantBuffer: The current renderer does not support constant buffers. This call will have no effect.
RenderTexture.Create failed
RenderTexture.Create failed
RenderTexture.Create failed
DrawDepthNormalPrepass: Unable to find surface for attachment 0
EndRenderPass: Not inside a Renderpass
RenderTexture.Create failed
RenderTexture.Create failed
RenderTexture.Create failed
DrawOpaqueObjects: Unable to find surface for attachment 0
EndRenderPass: Not inside a Renderpass
RenderTexture.Create failed
RenderTexture.Create failed
RenderTexture.Create failed
DrawTransparentObjects: Unable to find surface for attachment 0
EndRenderPass: Not inside a Renderpass
There are no audio listeners in the scene. Please ensure there is always one audio listener in the scene
There are no audio listeners in the scene. Please ensure there is always one audio listener in the scene
SetConstantBuffer: The current renderer does not support constant buffers. This call will have no effect.
SetConstantBuffer: The current renderer does not support constant buffers. This call will have no effect.
RenderTexture.Create failed
RenderTexture.Create failed
RenderTexture.Create failed
DrawDepthNormalPrepass: Unable to find surface for attachment 0
EndRenderPass: Not inside a Renderpass
RenderTexture.Create failed
RenderTexture.Create failed
RenderTexture.Create failed
DrawOpaqueObjects: Unable to find surface for attachment 0
EndRenderPass: Not inside a Renderpass
RenderTexture.Create failed
RenderTexture.Create failed
RenderTexture.Create failed
DrawTransparentObjects: Unable to find surface for attachment 0
EndRenderPass: Not inside a Renderpass
]]></output>
              </test-case>
              <test-case id="1075" name="SandboxScene_SmokeTest" fullname="DiplomaGame.Tests.Runtime.SceneIntegrationTests.SandboxScene_SmokeTest" methodname="SandboxScene_SmokeTest" classname="DiplomaGame.Tests.Runtime.SceneIntegrationTests" runstate="Runnable" seed="107537740" result="Failed" start-time="2026-06-12 12:47:29Z" end-time="2026-06-12 12:47:30Z" duration="0.311691" asserts="0">
                <properties>
                  <property name="_JOINTYPE" value="UnityCombinatorial" />
                  <property name="Timeout" value="60000" />
                  <property name="retryIteration" value="0" />
                  <property name="repeatIteration" value="0" />
                </properties>
                <failure>
                  <message><![CDATA[Unhandled log message: '[Error] RenderTexture.Create failed'. Use UnityEngine.TestTools.LogAssert.Expect
TearDown : Unhandled log message: '[Error] RenderTexture.Create failed'. Use UnityEngine.TestTools.LogAssert.Expect]]></message>
                  <stack-trace><![CDATA[UnityEngine.Rendering.RenderPipelineManager:DoRenderLoop_Internal (UnityEngine.Rendering.RenderPipelineAsset,intptr,object,Unity.Collections.LowLevel.Unsafe.AtomicSafetyHandle)

]]></stack-trace>
                </failure>
                <output><![CDATA[
IgnoreFailingMessages:true
Failed to create agent because it is not close enough to the NavMesh
There are no audio listeners in the scene. Please ensure there is always one audio listener in the scene
SetConstantBuffer: The current renderer does not support constant buffers. This call will have no effect.
SetConstantBuffer: The current renderer does not support constant buffers. This call will have no effect.
RenderTexture.Create failed
RenderTexture.Create failed
RenderTexture.Create failed
DrawDepthNormalPrepass: Unable to find surface for attachment 0
EndRenderPass: Not inside a Renderpass
RenderTexture.Create failed
RenderTexture.Create failed
RenderTexture.Create failed
DrawOpaqueObjects: Unable to find surface for attachment 0
EndRenderPass: Not inside a Renderpass
RenderTexture.Create failed
RenderTexture.Create failed
RenderTexture.Create failed
DrawTransparentObjects: Unable to find surface for attachment 0
EndRenderPass: Not inside a Renderpass
Failed to create agent because it is not close enough to the NavMesh
There are no audio listeners in the scene. Please ensure there is always one audio listener in the scene
SetConstantBuffer: The current renderer does not support constant buffers. This call will have no effect.
SetConstantBuffer: The current renderer does not support constant buffers. This call will have no effect.
RenderTexture.Create failed
RenderTexture.Create failed
RenderTexture.Create failed
DrawDepthNormalPrepass: Unable to find surface for attachment 0
EndRenderPass: Not inside a Renderpass
RenderTexture.Create failed
RenderTexture.Create failed
RenderTexture.Create failed
DrawOpaqueObjects: Unable to find surface for attachment 0
EndRenderPass: Not inside a Renderpass
RenderTexture.Create failed
RenderTexture.Create failed
RenderTexture.Create failed
DrawTransparentObjects: Unable to find surface for attachment 0
EndRenderPass: Not inside a Renderpass
There are no audio listeners in the scene. Please ensure there is always one audio listener in the scene
There are no audio listeners in the scene. Please ensure there is always one audio listener in the scene
SetConstantBuffer: The current renderer does not support constant buffers. This call will have no effect.
SetConstantBuffer: The current renderer does not support constant buffers. This call will have no effect.
RenderTexture.Create failed
RenderTexture.Create failed
RenderTexture.Create failed
DrawDepthNormalPrepass: Unable to find surface for attachment 0
EndRenderPass: Not inside a Renderpass
RenderTexture.Create failed
RenderTexture.Create failed
RenderTexture.Create failed
DrawOpaqueObjects: Unable to find surface for attachment 0
EndRenderPass: Not inside a Renderpass
RenderTexture.Create failed
RenderTexture.Create failed
RenderTexture.Create failed
DrawTransparentObjects: Unable to find surface for attachment 0
EndRenderPass: Not inside a Renderpass
Saving results to: C:/Users/arcsy/AppData/LocalLow/DefaultCompany/diplomaGame\TestResults.xml
]]></output>
              </test-case>
            </test-suite>
          </test-suite>
        </test-suite>
      </test-suite>
    </test-suite>
  </test-suite>
</test-run>